[INFO ] 2024-02-21 19:27:07.950 [main] SanityTest - opening first store page
[INFO ] 2024-02-21 19:27:08.479 [main] SanityTest - pressing 'next' button
[INFO ] 2024-02-21 19:37:10.405 [main] SanityTest - opening first store page
[INFO ] 2024-02-21 19:37:10.839 [main] SanityTest - press '->' switch to page number 2
[INFO ] 2024-02-21 19:37:11.305 [main] SanityTest - press '<-' switch to page number 1
[INFO ] 2024-02-21 19:53:00.244 [main] SanityTest - opening first store page
[INFO ] 2024-02-21 19:53:00.873 [main] SanityTest - press '->' switch to page number 2
[INFO ] 2024-02-21 19:53:01.417 [main] SanityTest - press '<-' switch to page number 1
[INFO ] 2024-02-21 19:53:01.925 [main] SanityTest - press '3' switch to page number 3
[INFO ] 2024-02-21 19:58:36.149 [main] SanityTest - opening first store page
[INFO ] 2024-02-21 19:58:36.638 [main] SanityTest - step 1: press '->' switch to page number 2
[INFO ] 2024-02-21 19:58:37.167 [main] SanityTest - step 2: press '<-' switch to page number 1
[INFO ] 2024-02-21 19:58:37.586 [main] SanityTest - step 3: press '3' switch to page number 3
[INFO ] 2024-02-21 19:58:37.650 [main] SanityTest - no such element: Unable to locate element: {"method":"xpath","selector":"//*[@id="main"]/div/nav[2]/ul/li[4]/a"}
  (Session info: chrome=121.0.6167.185)
For documentation on this error, please visit: https://www.selenium.dev/documentation/webdriver/troubleshooting/errors#no-such-element-exception
Build info: version: '4.16.1', revision: '9b4c83354e'
System info: os.name: 'Windows 10', os.arch: 'amd64', os.version: '10.0', java.version: '17.0.2'
Driver info: org.openqa.selenium.chrome.ChromeDriver
Command: [c566c096f811b5e6765edb5a8a65b8d3, findElement {using=xpath, value=//*[@id="main"]/div/nav[2]/ul/li[4]/a}]
Capabilities {acceptInsecureCerts: false, browserName: chrome, browserVersion: 121.0.6167.185, chrome: {chromedriverVersion: 121.0.6167.184 (057a8ae7deb..., userDataDir: C:\Users\yarde\AppData\Loca...}, fedcm:accounts: true, goog:chromeOptions: {debuggerAddress: localhost:63443}, networkConnectionEnabled: false, pageLoadStrategy: normal, platformName: windows, proxy: Proxy(), se:cdp: ws://localhost:63443/devtoo..., se:cdpVersion: 121.0.6167.185, setWindowRect: true, strictFileInteractability: false, timeouts: {implicit: 0, pageLoad: 300000, script: 30000}, unhandledPromptBehavior: dismiss and notify, webauthn:extension:credBlob: true, webauthn:extension:largeBlob: true, webauthn:extension:minPinLength: true, webauthn:extension:prf: true, webauthn:virtualAuthenticators: true}
Session ID: c566c096f811b5e6765edb5a8a65b8d3step 4: the '->' is found at the last page
[INFO ] 2024-02-21 19:59:54.242 [main] SanityTest - opening first store page
[INFO ] 2024-02-21 19:59:54.785 [main] SanityTest - step 1: press '->' switch to page number 2
[INFO ] 2024-02-21 19:59:55.278 [main] SanityTest - step 2: press '<-' switch to page number 1
[INFO ] 2024-02-21 19:59:55.819 [main] SanityTest - step 3: press '3' switch to page number 3
[INFO ] 2024-02-21 19:59:55.876 [main] SanityTest - step 4: the '->' is found at the last page
[INFO ] 2024-02-21 20:07:00.531 [main] SanityTest - opening first store page
[INFO ] 2024-02-21 20:07:01.011 [main] SanityTest - step 1: press '->' switch to page number 2
[INFO ] 2024-02-21 20:07:01.435 [main] SanityTest - step 2: press '<-' switch to page number 1
[INFO ] 2024-02-21 20:07:01.864 [main] SanityTest - step 3: press '3' switch to page number 3
[INFO ] 2024-02-21 20:10:48.809 [main] SanityTest - opening first store page
[INFO ] 2024-02-21 20:10:49.289 [main] SanityTest - step 1: press '->' switch to page number 2
[INFO ] 2024-02-21 20:10:49.704 [main] SanityTest - step 2: press '<-' switch to page number 1
[INFO ] 2024-02-21 20:10:50.296 [main] SanityTest - step 3: press '3' switch to page number 3
[INFO ] 2024-02-21 20:10:50.344 [main] SanityTest - Step 4: The '->' element is not found at the last page
[INFO ] 2024-02-21 20:31:23.563 [main] SanityTest - Opening the first store page
[INFO ] 2024-02-21 20:31:24.056 [main] SanityTest - Step 1: Press '->' to switch to page number 2
[INFO ] 2024-02-21 20:31:24.459 [main] SanityTest - Step 2: Press '<-' to switch to page number 1
[INFO ] 2024-02-21 20:31:24.929 [main] SanityTest - Step 3: Press '3' to switch to page number 3
[INFO ] 2024-02-21 20:31:24.995 [main] SanityTest - Step 4: The '->' element is not found at the last page
[INFO ] 2024-02-21 20:36:22.143 [main] SanityTest - Opening the first store page
[INFO ] 2024-02-21 20:37:19.207 [main] SanityTest - Opening the first store page
[INFO ] 2024-02-21 20:38:29.825 [main] SanityTest - Opening the first store page
[INFO ] 2024-02-21 20:38:30.339 [main] SanityTest - Step 1: Press '->' to switch to page number 2
[INFO ] 2024-02-21 20:38:30.781 [main] SanityTest - Step 2: Press '<-' to switch to page number 1
[INFO ] 2024-02-21 20:39:22.948 [main] SanityTest - Opening the first store page
[INFO ] 2024-02-21 20:39:23.600 [main] SanityTest - Step 1: Press '->' to switch to page number 2
[INFO ] 2024-02-21 20:39:24.029 [main] SanityTest - Step 2: Press '<-' to switch to page number 1
[INFO ] 2024-02-21 20:39:24.453 [main] SanityTest - Step 3: Press '3' to switch to page number 3
[INFO ] 2024-02-21 20:39:24.547 [main] SanityTest - Step 4: The '->' element is not found at the last page
[INFO ] 2024-02-21 20:40:25.295 [main] SanityTest - Opening the first store page
[INFO ] 2024-02-21 20:40:25.878 [main] SanityTest - Step 1: Press '->' to switch to page number 2
[INFO ] 2024-02-21 20:40:26.518 [main] SanityTest - Step 2: Press '<-' to switch to page number 1
[INFO ] 2024-02-21 20:42:07.018 [main] SanityTest - Opening the first store page
[INFO ] 2024-02-21 20:42:07.682 [main] SanityTest - Step 1: Press '->' to switch to page number 2
[INFO ] 2024-02-21 20:42:08.117 [main] SanityTest - Step 2: Press '<-' to switch to page number 1
[INFO ] 2024-02-21 20:42:08.217 [main] SanityTest - Step 5: The '<-' element is not found at the first page
[INFO ] 2024-02-21 20:42:08.621 [main] SanityTest - Step 3: Press '3' to switch to page number 3
[INFO ] 2024-02-21 20:42:08.687 [main] SanityTest - Step 4: The '->' element is not found at the last page
[INFO ] 2024-02-21 20:45:55.039 [main] SanityTest - Opening the first store page
[INFO ] 2024-02-21 20:45:55.523 [main] SanityTest - Step 1: Press '->' to switch to page number 2
[INFO ] 2024-02-21 20:45:56.020 [main] SanityTest - Step 2: Press '<-' to switch to page number 1
[INFO ] 2024-02-21 20:45:56.094 [main] SanityTest - Step 5: The '<-' element is not found at the first page
[INFO ] 2024-02-21 20:45:56.467 [main] SanityTest - Step 3: Press '3' to switch to page number 3
[INFO ] 2024-02-21 20:45:56.536 [main] SanityTest - Step 4: The '->' element is not found at the last page
[INFO ] 2024-02-21 20:45:56.988 [main] SanityTest - Step 6: Press '3' while being at page 3
[INFO ] 2024-02-21 20:47:34.552 [main] SanityTest - Opening the first store page
[INFO ] 2024-02-21 20:47:35.036 [main] SanityTest - Step 1: Press '->' to switch to page number 2
[INFO ] 2024-02-21 20:47:35.480 [main] SanityTest - Step 2: Press '<-' to switch to page number 1
[INFO ] 2024-02-21 20:47:35.565 [main] SanityTest - Step 5: The '<-' element is not found at the first page
[INFO ] 2024-02-21 20:47:35.927 [main] SanityTest - Step 3: Press '3' to switch to page number 3
[INFO ] 2024-02-21 20:47:35.996 [main] SanityTest - Step 4: The '->' element is not found at the last page
[INFO ] 2024-02-21 20:47:36.352 [main] SanityTest - Step 6: Press '3' while being at page 3
[INFO ] 2024-02-21 20:53:23.662 [main] SanityTest - Opening the first store page
[INFO ] 2024-02-21 20:53:24.358 [main] SanityTest - Step 1: Press '->' to switch to page number 2
[INFO ] 2024-02-21 20:53:25.040 [main] SanityTest - Step 2: Press '<-' to switch to page number 1
[INFO ] 2024-02-21 20:53:25.151 [main] SanityTest - Step 5: The '<-' element is not found at the first page
[INFO ] 2024-02-21 20:53:25.618 [main] SanityTest - Step 3: Press '3' to switch to page number 3
[INFO ] 2024-02-21 20:53:25.652 [main] SanityTest - Step 4: The '->' element is not found at the last page
[INFO ] 2024-02-21 20:53:25.766 [main] SanityTest - Step 6: Press '3' is clickable at page 3
[INFO ] 2024-02-21 20:54:08.007 [main] SanityTest - Opening the first store page
[INFO ] 2024-02-21 20:54:09.091 [main] SanityTest - Step 1: Press '->' to switch to page number 2
[INFO ] 2024-02-21 20:54:09.606 [main] SanityTest - Step 2: Press '<-' to switch to page number 1
[INFO ] 2024-02-21 20:54:09.675 [main] SanityTest - Step 5: The '<-' element is not found at the first page
[INFO ] 2024-02-21 20:54:10.056 [main] SanityTest - Step 3: Press '3' to switch to page number 3
[INFO ] 2024-02-21 20:54:10.110 [main] SanityTest - Step 4: The '->' element is not found at the last page
[INFO ] 2024-02-21 20:54:10.141 [main] SanityTest - Step 6: Press '3' is clickable at page 3
[INFO ] 2024-02-21 20:59:39.809 [main] SanityTest - Opening the first store page
[INFO ] 2024-02-21 20:59:40.405 [main] SanityTest - Step 1: Press '->' to switch to page number 2
[INFO ] 2024-02-21 20:59:41.068 [main] SanityTest - Step 2: Press '<-' to switch to page number 1
[INFO ] 2024-02-21 20:59:41.153 [main] SanityTest - Step 5: The '<-' element is not found at the first page
[INFO ] 2024-02-21 20:59:41.620 [main] SanityTest - Step 3: Press '3' to switch to page number 3
[INFO ] 2024-02-21 20:59:41.640 [main] SanityTest - Step 4: The '->' element is not found at the last page
[INFO ] 2024-02-21 20:59:41.769 [main] SanityTest - Step 6: Press '3' is clickable at page 3
[INFO ] 2024-02-21 21:03:30.020 [main] SanityTest - Opening the first store page
[INFO ] 2024-02-21 21:03:31.534 [main] SanityTest - Step 1: Press '->' to switch to page number 2
[INFO ] 2024-02-21 21:03:32.318 [main] SanityTest - Step 2: Press '<-' to switch to page number 1
[INFO ] 2024-02-21 21:03:32.389 [main] SanityTest - Step 5: The '<-' element is not found at the first page
[INFO ] 2024-02-21 21:03:34.168 [main] SanityTest - Step 3: Press '3' to switch to page number 3
[INFO ] 2024-02-21 21:03:34.191 [main] SanityTest - Step 4: The '->' element is not found at the last page
[INFO ] 2024-02-21 21:03:34.348 [main] SanityTest - Step 6: at pageShop – Page 3 – ATID Demo Store
[INFO ] 2024-02-21 21:05:32.906 [main] SanityTest - Opening the first store page
[INFO ] 2024-02-21 21:05:33.505 [main] SanityTest - Step 1: Press '->' to switch to page number 2Shop – Page 2 – ATID Demo Store
[INFO ] 2024-02-21 21:05:34.000 [main] SanityTest - Step 2: Press '<-' to switch to page number 1Shop – ATID Demo Store
[INFO ] 2024-02-21 21:05:34.079 [main] SanityTest - Step 5: The '<-' element is not found at the first page
[INFO ] 2024-02-21 21:05:34.610 [main] SanityTest - Step 3: Press '3' to switch to page number 3Shop – Page 3 – ATID Demo Store
[INFO ] 2024-02-21 21:05:34.632 [main] SanityTest - Step 4: The '->' element is not found at the last page
[INFO ] 2024-02-21 21:05:34.725 [main] SanityTest - Step 6: at pageShop – Page 3 – ATID Demo Store
[INFO ] 2024-02-21 21:06:34.240 [main] SanityTest - Opening the first store page
[INFO ] 2024-02-21 21:06:34.944 [main] SanityTest - Step 1: Press '->' to switch to page number 2 Shop – Page 2 – ATID Demo Store
[INFO ] 2024-02-21 21:06:35.562 [main] SanityTest - Step 2: Press '<-' to switch to page number 1 Shop – ATID Demo Store
[INFO ] 2024-02-21 21:06:35.627 [main] SanityTest - Step 5: The '<-' element is not found at the first page
[INFO ] 2024-02-21 21:06:37.462 [main] SanityTest - Step 3: Press '3' to switch to page number 3 Shop – Page 3 – ATID Demo Store
[INFO ] 2024-02-21 21:06:37.485 [main] SanityTest - Step 4: The '->' element is not found at the last page
[INFO ] 2024-02-21 21:06:37.618 [main] SanityTest - Step 6: at page Shop – Page 3 – ATID Demo Store
[INFO ] 2024-02-21 21:09:49.956 [main] SanityTest - Opening the first store page
[INFO ] 2024-02-21 21:09:49.962 [main] SanityTest - Step 1: Press '->' to switch to page number 2
[INFO ] 2024-02-21 21:09:50.647 [main] SanityTest - Shop – Page 2 – ATID Demo Store
[INFO ] 2024-02-21 21:09:50.648 [main] SanityTest - Step 2: Press '<-' to switch to page number 1
[INFO ] 2024-02-21 21:09:51.212 [main] SanityTest - Shop – ATID Demo Store
[INFO ] 2024-02-21 21:09:51.266 [main] SanityTest - Step 5: The '<-' element is not found at the first page
[INFO ] 2024-02-21 21:09:51.267 [main] SanityTest - Step 3: Press '3' while bring at page 3
[INFO ] 2024-02-21 21:09:51.794 [main] SanityTest - Shop – Page 3 – ATID Demo Store
[INFO ] 2024-02-21 21:09:51.816 [main] SanityTest - Step 4: The '->' element is not found at the last page
[INFO ] 2024-02-21 21:09:51.948 [main] SanityTest - Step 6: at page Shop – Page 3 – ATID Demo Store
[INFO ] 2024-02-28 20:25:59.936 [main] SanityTest - Opening the first store page
[INFO ] 2024-02-28 20:25:59.941 [main] SanityTest - Step 1: Press '->' to switch to page number 2
[INFO ] 2024-02-28 20:26:00.415 [main] SanityTest - Shop – Page 2 – ATID Demo Store
[INFO ] 2024-02-28 20:26:00.416 [main] SanityTest - Step 2: Press '<-' to switch to page number 1
[INFO ] 2024-02-28 20:26:01.043 [main] SanityTest - Shop – ATID Demo Store
[INFO ] 2024-02-28 20:26:01.110 [main] SanityTest - Step 5: The '<-' element is not found at the first page
[INFO ] 2024-02-28 20:26:01.110 [main] SanityTest - Step 3: Press '3' while being at page 1
[INFO ] 2024-02-28 20:26:01.503 [main] SanityTest - Shop – Page 3 – ATID Demo Store
[INFO ] 2024-02-28 20:26:01.524 [main] SanityTest - Step 4: The '->' element is not found at the last page
[INFO ] 2024-02-28 20:26:01.612 [main] SanityTest - Step 6: at page Shop – Page 3 – ATID Demo Store
[INFO ] 2024-02-28 20:30:49.607 [main] SanityTest - Opening the first store page
[INFO ] 2024-02-28 20:30:49.611 [main] SanityTest - Step 1: Press '->' to switch to page number 2
[INFO ] 2024-02-28 20:30:50.217 [main] SanityTest - Shop – Page 2 – ATID Demo Store
[INFO ] 2024-02-28 20:30:50.218 [main] SanityTest - Step 2: Press '<-' to switch to page number 1
[INFO ] 2024-02-28 20:30:50.753 [main] SanityTest - Shop – ATID Demo Store
[INFO ] 2024-02-28 20:30:50.779 [main] SanityTest - Step 5: The '<-' element is not found at the first page
[INFO ] 2024-02-28 20:30:50.779 [main] SanityTest - Step 3: Press '3' while being at page 1
[INFO ] 2024-02-28 20:30:51.176 [main] SanityTest - Shop – Page 3 – ATID Demo Store
[INFO ] 2024-02-28 20:30:51.198 [main] SanityTest - Step 4: The '->' element is not found at the last page
[INFO ] 2024-02-28 20:30:51.287 [main] SanityTest - button 3 is clickable
[INFO ] 2024-02-28 20:30:51.298 [main] SanityTest - Step 6: at page Shop – Page 3 – ATID Demo Store
[INFO ] 2024-02-28 20:31:31.470 [main] SanityTest - Opening the first store page
[INFO ] 2024-02-28 20:31:31.477 [main] SanityTest - Step 1: Press '->' to switch to page number 2
[INFO ] 2024-02-28 20:31:32.155 [main] SanityTest - Shop – Page 2 – ATID Demo Store
[INFO ] 2024-02-28 20:31:32.156 [main] SanityTest - Step 2: Press '<-' to switch to page number 1
[INFO ] 2024-02-28 20:31:32.622 [main] SanityTest - Shop – ATID Demo Store
[INFO ] 2024-02-28 20:31:32.645 [main] SanityTest - Step 5: The '<-' element is not found at the first page
[INFO ] 2024-02-28 20:31:32.645 [main] SanityTest - Step 3: Press '3' while being at page 1
[INFO ] 2024-02-28 20:31:33.000 [main] SanityTest - Shop – Page 3 – ATID Demo Store
[INFO ] 2024-02-28 20:31:33.044 [main] SanityTest - Step 4: The '->' element is not found at the last page
[INFO ] 2024-02-28 20:31:33.078 [main] SanityTest - button 3 is clickable
[INFO ] 2024-02-28 20:31:33.085 [main] SanityTest - Step 6: at page Shop – Page 3 – ATID Demo Store
[INFO ] 2024-02-28 20:40:32.044 [main] SanityTest - Opening the first store page
[INFO ] 2024-02-28 20:40:32.050 [main] SanityTest - Step 1: Press '->' to switch to page number 2
[INFO ] 2024-02-28 20:40:32.605 [main] SanityTest - Shop – Page 2 – ATID Demo Store
[INFO ] 2024-02-28 20:40:32.606 [main] SanityTest - Step 2: Press '<-' to switch to page number 1
[INFO ] 2024-02-28 20:40:33.132 [main] SanityTest - Shop – ATID Demo Store
[INFO ] 2024-02-28 20:40:33.160 [main] SanityTest - Step 5: The '<-' element is not found at the first page
[INFO ] 2024-02-28 20:40:33.161 [main] SanityTest - Step 3: Press '3' while being at page 1
[INFO ] 2024-02-28 20:40:33.580 [main] SanityTest - Shop – Page 3 – ATID Demo Store
[INFO ] 2024-02-28 20:40:33.601 [main] SanityTest - Step 4: The '->' element is not found at the last page
[INFO ] 2024-02-28 20:40:33.707 [main] SanityTest - Step 6: button 3 is not clickable 
[INFO ] 2024-02-28 20:40:33.708 [main] SanityTest - Step 6: NOT OK! button 3 is clickable 
[INFO ] 2024-02-28 20:41:01.034 [main] SanityTest - Opening the first store page
[INFO ] 2024-02-28 20:41:01.067 [main] SanityTest - Step 1: Press '->' to switch to page number 2
[INFO ] 2024-02-28 20:41:01.637 [main] SanityTest - Shop – Page 2 – ATID Demo Store
[INFO ] 2024-02-28 20:41:01.638 [main] SanityTest - Step 2: Press '<-' to switch to page number 1
[INFO ] 2024-02-28 20:41:02.066 [main] SanityTest - Shop – ATID Demo Store
[INFO ] 2024-02-28 20:41:02.134 [main] SanityTest - Step 5: The '<-' element is not found at the first page
[INFO ] 2024-02-28 20:41:02.134 [main] SanityTest - Step 3: Press '3' while being at page 1
[INFO ] 2024-02-28 20:41:02.549 [main] SanityTest - Shop – Page 3 – ATID Demo Store
[INFO ] 2024-02-28 20:41:02.568 [main] SanityTest - Step 4: The '->' element is not found at the last page
[INFO ] 2024-02-28 20:41:02.689 [main] SanityTest - Step 6: button 3 is not clickable 
[INFO ] 2024-03-06 18:58:51.653 [main] SanityTest - Opening the first store page - GOOD
[INFO ] 2024-03-06 18:58:51.665 [main] SanityTest - Step 1: Press '->' to switch to page number 2 - GOOD
[INFO ] 2024-03-06 18:58:52.290 [main] SanityTest - Current Page Title: Shop – Page 2 – ATID Demo Store
[INFO ] 2024-03-06 18:58:52.292 [main] SanityTest - Step 2: Press '<-' to switch to page number 1 - GOOD
[INFO ] 2024-03-06 18:58:52.971 [main] SanityTest - Current Page Title: Shop – ATID Demo Store
[INFO ] 2024-03-06 18:58:53.025 [main] SanityTest - Step 5: The '<-' element is not found at the first page - GOOD
[INFO ] 2024-03-06 18:58:53.025 [main] SanityTest - Step 3: Press '3' to switch to page number 3 - GOOD
[INFO ] 2024-03-06 18:58:53.646 [main] SanityTest - Current Page Title: Shop – Page 3 – ATID Demo Store
[INFO ] 2024-03-06 18:58:53.681 [main] SanityTest - Step 4: The '->' element is not found at the last page - GOOD
[INFO ] 2024-03-06 18:58:53.894 [main] SanityTest - Step 6: button 3 is not clickable - GOOD
[INFO ] 2024-03-06 19:25:54.492 [main] SanityTest - Opening the first store page - GOOD
[INFO ] 2024-03-06 19:25:54.508 [main] SanityTest - Step 1: Press '->' to switch to page number 2 - GOOD
[INFO ] 2024-03-06 19:25:55.516 [main] SanityTest - Current Page Title: Shop – Page 2 – ATID Demo Store
[INFO ] 2024-03-06 19:25:55.517 [main] SanityTest - Step 2: Press '<-' to switch to page number 1 - GOOD
[INFO ] 2024-03-06 19:25:55.691 [main] SanityTest - Current Page Title: Shop – Page 2 – ATID Demo Store
[ERROR] 2024-03-06 19:25:55.738 [main] SanityTest - Step 5: NOT GOOD! The '<-' element is found at the first page
[INFO ] 2024-03-06 19:25:55.738 [main] SanityTest - Step 5: Unexpected presence of '<-' element at the first page
[INFO ] 2024-03-06 19:25:55.739 [main] SanityTest - Step 3: Press '3' to switch to page number 3 - GOOD
[INFO ] 2024-03-06 19:28:49.595 [main] SanityTest - Opening the first store page - GOOD
[INFO ] 2024-03-06 19:28:49.604 [main] SanityTest - Step 1: Press '->' to switch to page number 2 - GOOD
[INFO ] 2024-03-06 19:28:50.300 [main] SanityTest - Current Page Title: Shop – Page 2 – ATID Demo Store
[INFO ] 2024-03-06 19:28:50.301 [main] SanityTest - Step 2: Press '<-' to switch to page number 1 - GOOD
[INFO ] 2024-03-06 19:28:50.941 [main] SanityTest - Current Page Title: Shop – ATID Demo Store
[INFO ] 2024-03-06 19:28:50.976 [main] SanityTest - Step 5: The '<-' element is not found at the first page - GOOD
[INFO ] 2024-03-06 19:28:50.977 [main] SanityTest - Step 3: Press '3' to switch to page number 3 - GOOD
[INFO ] 2024-03-06 19:28:51.505 [main] SanityTest - Current Page Title: Shop – Page 3 – ATID Demo Store
[INFO ] 2024-03-06 19:28:51.531 [main] SanityTest - Step 4: The '->' element is not found at the last page - GOOD
[INFO ] 2024-03-06 19:28:51.651 [main] SanityTest - Step 6: button 3 is not clickable - GOOD
[INFO ] 2024-03-06 19:37:37.003 [main] SanityTest - Opening the first store page - GOOD
[INFO ] 2024-03-06 19:37:37.018 [main] SanityTest - Step 1: Press '->' to switch to page number 2 - GOOD
[INFO ] 2024-03-06 19:37:37.103 [main] SanityTest - ?
[INFO ] 2024-03-06 19:37:37.693 [main] SanityTest - Current Page Title: Shop – Page 2 – ATID Demo Store
[INFO ] 2024-03-06 19:37:37.694 [main] SanityTest - Step 2: Press '<-' to switch to page number 1 - GOOD
[INFO ] 2024-03-06 19:37:38.333 [main] SanityTest - Current Page Title: Shop – ATID Demo Store
[INFO ] 2024-03-06 19:37:38.367 [main] SanityTest - Step 5: The '<-' element is not found at the first page - GOOD
[INFO ] 2024-03-06 19:37:38.367 [main] SanityTest - Step 3: Press '3' to switch to page number 3 - GOOD
[INFO ] 2024-03-06 19:37:38.850 [main] SanityTest - Current Page Title: Shop – Page 3 – ATID Demo Store
[INFO ] 2024-03-06 19:37:38.875 [main] SanityTest - Step 4: The '->' element is not found at the last page - GOOD
[INFO ] 2024-03-06 19:37:39.016 [main] SanityTest - Step 6: button 3 is not clickable - GOOD
[INFO ] 2024-03-06 19:38:45.488 [main] SanityTest - Opening the first store page - GOOD
[INFO ] 2024-03-06 19:38:45.501 [main] SanityTest - Step 1: Press '->' to switch to page number 2 - GOOD
[INFO ] 2024-03-06 19:38:45.549 [main] SanityTest - a
[INFO ] 2024-03-06 19:38:46.061 [main] SanityTest - Current Page Title: Shop – Page 2 – ATID Demo Store
[INFO ] 2024-03-06 19:38:46.064 [main] SanityTest - Step 2: Press '<-' to switch to page number 1 - GOOD
[INFO ] 2024-03-06 19:38:46.766 [main] SanityTest - Current Page Title: Shop – ATID Demo Store
[INFO ] 2024-03-06 19:38:46.805 [main] SanityTest - Step 5: The '<-' element is not found at the first page - GOOD
[INFO ] 2024-03-06 19:38:46.805 [main] SanityTest - Step 3: Press '3' to switch to page number 3 - GOOD
[INFO ] 2024-03-06 19:38:47.327 [main] SanityTest - Current Page Title: Shop – Page 3 – ATID Demo Store
[INFO ] 2024-03-06 19:38:47.353 [main] SanityTest - Step 4: The '->' element is not found at the last page - GOOD
[INFO ] 2024-03-06 19:38:47.641 [main] SanityTest - Step 6: button 3 is not clickable - GOOD
[INFO ] 2024-03-06 19:52:43.968 [main] SanityTest - Opening the first store page - GOOD
[INFO ] 2024-03-06 19:52:43.979 [main] SanityTest - Step 1: Press '->' to switch to page number 2 - GOOD
[INFO ] 2024-03-06 19:52:44.065 [main] SanityTest - ?
[INFO ] 2024-03-06 19:52:44.637 [main] SanityTest - Current Page Title: Shop – Page 2 – ATID Demo Store
[INFO ] 2024-03-06 19:52:44.638 [main] SanityTest - Step 2: Press '<-' to switch to page number 1 - GOOD
[INFO ] 2024-03-06 19:52:45.337 [main] SanityTest - Current Page Title: Shop – ATID Demo Store
[INFO ] 2024-03-06 19:52:45.371 [main] SanityTest - Step 5: The '<-' element is not found at the first page - GOOD
[INFO ] 2024-03-06 19:52:45.371 [main] SanityTest - Step 3: Press '3' to switch to page number 3 - GOOD
[INFO ] 2024-03-06 19:52:45.867 [main] SanityTest - Current Page Title: Shop – Page 3 – ATID Demo Store
[INFO ] 2024-03-06 19:52:45.892 [main] SanityTest - Step 4: The '->' element is not found at the last page - GOOD
[INFO ] 2024-03-06 19:52:46.069 [main] SanityTest - Step 6: button 3 is not clickable - GOOD
[INFO ] 2024-03-06 19:54:21.149 [main] SanityTest - Opening the first store page - GOOD
[INFO ] 2024-03-06 19:54:21.167 [main] SanityTest - Step 1: Press '->' to switch to page number 2 - GOOD
[INFO ] 2024-03-06 19:54:21.313 [main] SanityTest - 
[INFO ] 2024-03-06 19:54:21.962 [main] SanityTest - Current Page Title: Shop – Page 2 – ATID Demo Store
[INFO ] 2024-03-06 19:54:21.963 [main] SanityTest - Step 2: Press '<-' to switch to page number 1 - GOOD
[INFO ] 2024-03-06 19:54:22.597 [main] SanityTest - Current Page Title: Shop – ATID Demo Store
[INFO ] 2024-03-06 19:54:22.712 [main] SanityTest - Step 5: The '<-' element is not found at the first page - GOOD
[INFO ] 2024-03-06 19:54:22.713 [main] SanityTest - Step 3: Press '3' to switch to page number 3 - GOOD
[INFO ] 2024-03-06 19:54:23.337 [main] SanityTest - Current Page Title: Shop – Page 3 – ATID Demo Store
[INFO ] 2024-03-06 19:54:23.365 [main] SanityTest - Step 4: The '->' element is not found at the last page - GOOD
[INFO ] 2024-03-06 19:54:23.526 [main] SanityTest - Step 6: button 3 is not clickable - GOOD
[INFO ] 2024-03-06 19:56:12.739 [main] SanityTest - Opening the first store page - GOOD
[INFO ] 2024-03-06 19:56:12.749 [main] SanityTest - Step 1: Press '->' to switch to page number 2 - GOOD
[INFO ] 2024-03-06 20:01:47.343 [main] SanityTest - Opening the first store page - GOOD
[INFO ] 2024-03-06 20:01:47.411 [main] SanityTest - 1
[INFO ] 2024-03-06 20:01:47.430 [main] SanityTest - 2
[INFO ] 2024-03-06 20:01:47.447 [main] SanityTest - 3
[INFO ] 2024-03-06 20:01:47.462 [main] SanityTest - ?
[INFO ] 2024-03-06 20:01:47.467 [main] SanityTest - Step 1: Press '->' to switch to page number 2 - GOOD
[INFO ] 2024-03-06 20:03:40.137 [main] SanityTest - Opening the first store page - GOOD
[INFO ] 2024-03-06 20:03:40.249 [main] SanityTest - 1
[INFO ] 2024-03-06 20:03:40.264 [main] SanityTest - 2
[INFO ] 2024-03-06 20:03:40.280 [main] SanityTest - 3
[INFO ] 2024-03-06 20:03:40.295 [main] SanityTest - ?
[INFO ] 2024-03-06 20:03:40.300 [main] SanityTest - Step 1: Press '->' to switch to page number 2 - GOOD
[INFO ] 2024-03-06 20:03:40.803 [main] SanityTest - Current Page Title: Shop – Page 2 – ATID Demo Store
[INFO ] 2024-03-06 20:03:40.803 [main] SanityTest - Step 2: Press '<-' to switch to page number 1 - GOOD
[INFO ] 2024-03-06 20:03:41.315 [main] SanityTest - Current Page Title: Shop – ATID Demo Store
[INFO ] 2024-03-06 20:03:41.336 [main] SanityTest - Step 5: The '<-' element is not found at the first page - GOOD
[INFO ] 2024-03-06 20:03:41.336 [main] SanityTest - Step 3: Press '3' to switch to page number 3 - GOOD
[INFO ] 2024-03-06 20:03:41.732 [main] SanityTest - Current Page Title: Shop – Page 3 – ATID Demo Store
[INFO ] 2024-03-06 20:03:41.754 [main] SanityTest - Step 4: The '->' element is not found at the last page - GOOD
[INFO ] 2024-03-06 20:03:41.867 [main] SanityTest - Step 6: button 3 is not clickable - GOOD
[INFO ] 2024-03-06 20:11:46.737 [main] SanityTest - Opening the first store page - GOOD
[INFO ] 2024-03-06 20:11:46.810 [main] SanityTest - 1
[INFO ] 2024-03-06 20:11:46.829 [main] SanityTest - 2
[INFO ] 2024-03-06 20:11:46.848 [main] SanityTest - 3
[INFO ] 2024-03-06 20:11:46.862 [main] SanityTest - ?
[INFO ] 2024-03-06 20:11:46.865 [main] SanityTest - Step 1: Press '->' to switch to page number 2 - GOOD
[INFO ] 2024-03-06 20:11:47.284 [main] SanityTest - Current Page Title: Shop – Page 2 – ATID Demo Store
[INFO ] 2024-03-06 20:11:47.285 [main] SanityTest - Step 2: Press '<-' to switch to page number 1 - GOOD
[INFO ] 2024-03-06 20:11:47.781 [main] SanityTest - Current Page Title: Shop – ATID Demo Store
[INFO ] 2024-03-06 20:11:47.800 [main] SanityTest - Step 5: The '<-' element is not found at the first page - GOOD
[INFO ] 2024-03-06 20:11:47.800 [main] SanityTest - Step 3: Press '3' to switch to page number 3 - GOOD
[INFO ] 2024-03-06 20:11:48.184 [main] SanityTest - Current Page Title: Shop – Page 3 – ATID Demo Store
[INFO ] 2024-03-06 20:11:48.213 [main] SanityTest - Step 4: The '->' element is not found at the last page - GOOD
[INFO ] 2024-03-06 20:11:48.340 [main] SanityTest - Step 6: button 3 is not clickable - GOOD
[INFO ] 2024-03-06 20:16:09.573 [main] SanityTest - Opening the first store page - GOOD
[INFO ] 2024-03-06 20:16:09.720 [main] SanityTest - 1
[INFO ] 2024-03-06 20:16:09.732 [main] SanityTest - 2
[INFO ] 2024-03-06 20:16:09.745 [main] SanityTest - 3
[INFO ] 2024-03-06 20:16:09.759 [main] SanityTest - ?
[INFO ] 2024-03-06 20:16:09.763 [main] SanityTest - Step 1: Press '->' to switch to page number 2 - GOOD
[INFO ] 2024-03-06 20:16:10.204 [main] SanityTest - Current Page Title: Shop – Page 2 – ATID Demo Store
[INFO ] 2024-03-06 20:16:10.204 [main] SanityTest - Step 2: Press '<-' to switch to page number 1 - GOOD
[INFO ] 2024-03-06 20:16:10.658 [main] SanityTest - Current Page Title: Shop – ATID Demo Store
[INFO ] 2024-03-06 20:16:10.680 [main] SanityTest - Step 5: The '<-' element is not found at the first page - GOOD
[INFO ] 2024-03-06 20:16:10.680 [main] SanityTest - Step 3: Press '3' to switch to page number 3 - GOOD
[INFO ] 2024-03-06 20:16:11.080 [main] SanityTest - Current Page Title: Shop – Page 3 – ATID Demo Store
[INFO ] 2024-03-06 20:16:11.100 [main] SanityTest - Step 4: The '->' element is not found at the last page - GOOD
[INFO ] 2024-03-06 20:16:11.206 [main] SanityTest - Step 6: button 3 is not clickable - GOOD
[INFO ] 2024-03-06 20:20:44.177 [main] SanityTest - Opening the first store page - GOOD
[INFO ] 2024-03-06 20:20:44.268 [main] SanityTest - 1
[INFO ] 2024-03-06 20:20:44.291 [main] SanityTest - 2
[INFO ] 2024-03-06 20:20:44.313 [main] SanityTest - 3
[INFO ] 2024-03-06 20:20:44.334 [main] SanityTest - ?
[INFO ] 2024-03-06 20:20:44.337 [main] SanityTest - Step 1: Press '->' to switch to page number 2 - GOOD
[INFO ] 2024-03-06 20:20:44.770 [main] SanityTest - Current Page Title: Shop – Page 2 – ATID Demo Store
[INFO ] 2024-03-06 20:20:44.771 [main] SanityTest - Step 2: Press '<-' to switch to page number 1 - GOOD
[INFO ] 2024-03-06 20:20:45.190 [main] SanityTest - Current Page Title: Shop – ATID Demo Store
[INFO ] 2024-03-06 20:20:45.249 [main] SanityTest - Step 5: The '<-' element is not found at the first page - GOOD
[INFO ] 2024-03-06 20:20:45.249 [main] SanityTest - Step 3: Press '3' to switch to page number 3 - GOOD
[INFO ] 2024-03-06 20:20:45.638 [main] SanityTest - Current Page Title: Shop – Page 3 – ATID Demo Store
[INFO ] 2024-03-06 20:20:45.665 [main] SanityTest - Step 4: The '->' element is not found at the last page - GOOD
[INFO ] 2024-03-06 20:20:45.762 [main] SanityTest - Step 6: button 3 is not clickable - GOOD
[INFO ] 2024-03-06 20:21:53.034 [main] SanityTest - Opening the first store page - GOOD
[INFO ] 2024-03-06 20:21:53.112 [main] SanityTest - https://atid.store/store/
[INFO ] 2024-03-06 20:21:53.112 [main] SanityTest - 1
[INFO ] 2024-03-06 20:21:53.140 [main] SanityTest - https://atid.store/store/
[INFO ] 2024-03-06 20:21:53.140 [main] SanityTest - 2
[INFO ] 2024-03-06 20:21:53.165 [main] SanityTest - https://atid.store/store/
[INFO ] 2024-03-06 20:21:53.165 [main] SanityTest - 3
[INFO ] 2024-03-06 20:21:53.186 [main] SanityTest - https://atid.store/store/
[INFO ] 2024-03-06 20:21:53.187 [main] SanityTest - ?
[INFO ] 2024-03-06 20:21:53.191 [main] SanityTest - Step 1: Press '->' to switch to page number 2 - GOOD
[INFO ] 2024-03-06 20:21:53.601 [main] SanityTest - Current Page Title: Shop – Page 2 – ATID Demo Store
[INFO ] 2024-03-06 20:21:53.603 [main] SanityTest - Step 2: Press '<-' to switch to page number 1 - GOOD
[INFO ] 2024-03-06 20:21:54.069 [main] SanityTest - Current Page Title: Shop – ATID Demo Store
[INFO ] 2024-03-06 20:21:54.091 [main] SanityTest - Step 5: The '<-' element is not found at the first page - GOOD
[INFO ] 2024-03-06 20:21:54.091 [main] SanityTest - Step 3: Press '3' to switch to page number 3 - GOOD
[INFO ] 2024-03-06 20:21:54.489 [main] SanityTest - Current Page Title: Shop – Page 3 – ATID Demo Store
[INFO ] 2024-03-06 20:21:54.512 [main] SanityTest - Step 4: The '->' element is not found at the last page - GOOD
[INFO ] 2024-03-06 20:21:54.610 [main] SanityTest - Step 6: button 3 is not clickable - GOOD
[INFO ] 2024-03-06 20:22:38.325 [main] SanityTest - Opening the first store page - GOOD
[INFO ] 2024-03-06 20:24:02.419 [main] SanityTest - Opening the first store page - GOOD
[INFO ] 2024-03-06 20:25:59.915 [main] SanityTest - Opening the first store page - GOOD
[INFO ] 2024-03-06 20:27:01.905 [main] SanityTest - Opening the first store page - GOOD
[INFO ] 2024-03-06 20:27:01.999 [main] SanityTest - https://atid.store/store//page/1/
[INFO ] 2024-03-06 20:27:02.021 [main] SanityTest - https://atid.store/store//page/2/
[INFO ] 2024-03-06 20:27:02.042 [main] SanityTest - https://atid.store/store//page/3/
[INFO ] 2024-03-06 20:27:02.062 [main] SanityTest - https://atid.store/store//page/?/
[INFO ] 2024-03-06 20:27:02.066 [main] SanityTest - Step 1: Press '->' to switch to page number 2 - GOOD
[INFO ] 2024-03-06 20:27:02.566 [main] SanityTest - Current Page Title: Shop – Page 2 – ATID Demo Store
[INFO ] 2024-03-06 20:27:02.566 [main] SanityTest - Step 2: Press '<-' to switch to page number 1 - GOOD
[INFO ] 2024-03-06 20:27:03.212 [main] SanityTest - Current Page Title: Shop – ATID Demo Store
[INFO ] 2024-03-06 20:27:03.235 [main] SanityTest - Step 5: The '<-' element is not found at the first page - GOOD
[INFO ] 2024-03-06 20:27:03.235 [main] SanityTest - Step 3: Press '3' to switch to page number 3 - GOOD
[INFO ] 2024-03-06 20:27:03.686 [main] SanityTest - Current Page Title: Shop – Page 3 – ATID Demo Store
[INFO ] 2024-03-06 20:27:03.709 [main] SanityTest - Step 4: The '->' element is not found at the last page - GOOD
[INFO ] 2024-03-06 20:27:03.805 [main] SanityTest - Step 6: button 3 is not clickable - GOOD
[INFO ] 2024-03-06 20:29:33.560 [main] SanityTest - Opening the first store page - GOOD
[INFO ] 2024-03-06 20:30:24.165 [main] SanityTest - Opening the first store page - GOOD
[INFO ] 2024-03-06 20:30:24.283 [main] SanityTest - https://atid.store/store/page/2/
[INFO ] 2024-03-06 20:30:24.307 [main] SanityTest - https://atid.store/store/page/3/
[INFO ] 2024-03-06 20:30:24.332 [main] SanityTest - https://atid.store/store/page/?/
[INFO ] 2024-03-06 20:30:24.337 [main] SanityTest - Step 1: Press '->' to switch to page number 2 - GOOD
[INFO ] 2024-03-06 20:30:24.759 [main] SanityTest - Current Page Title: Shop – Page 2 – ATID Demo Store
[INFO ] 2024-03-06 20:30:24.759 [main] SanityTest - Step 2: Press '<-' to switch to page number 1 - GOOD
[INFO ] 2024-03-06 20:30:25.251 [main] SanityTest - Current Page Title: Shop – ATID Demo Store
[INFO ] 2024-03-06 20:30:25.276 [main] SanityTest - Step 5: The '<-' element is not found at the first page - GOOD
[INFO ] 2024-03-06 20:30:25.277 [main] SanityTest - Step 3: Press '3' to switch to page number 3 - GOOD
[INFO ] 2024-03-06 20:30:25.686 [main] SanityTest - Current Page Title: Shop – Page 3 – ATID Demo Store
[INFO ] 2024-03-06 20:30:25.705 [main] SanityTest - Step 4: The '->' element is not found at the last page - GOOD
[INFO ] 2024-03-06 20:30:25.802 [main] SanityTest - Step 6: button 3 is not clickable - GOOD
[INFO ] 2024-03-06 20:31:23.542 [main] SanityTest - Opening the first store page - GOOD
[INFO ] 2024-03-06 20:31:23.647 [main] SanityTest - https://atid.store/store/page/2/
[INFO ] 2024-03-06 20:31:23.668 [main] SanityTest - https://atid.store/store/page/3/
[INFO ] 2024-03-06 20:31:23.690 [main] SanityTest - https://atid.store/store/page/?/
[INFO ] 2024-03-06 20:31:23.695 [main] SanityTest - Step 1: Press '->' to switch to page number 2 - GOOD
[INFO ] 2024-03-06 20:31:24.142 [main] SanityTest - Current Page Title: Shop – Page 2 – ATID Demo Store
[INFO ] 2024-03-06 20:31:24.142 [main] SanityTest - Step 2: Press '<-' to switch to page number 1 - GOOD
[INFO ] 2024-03-06 20:31:24.636 [main] SanityTest - Current Page Title: Shop – ATID Demo Store
[INFO ] 2024-03-06 20:31:24.656 [main] SanityTest - Step 5: The '<-' element is not found at the first page - GOOD
[INFO ] 2024-03-06 20:31:24.656 [main] SanityTest - Step 3: Press '3' to switch to page number 3 - GOOD
[INFO ] 2024-03-06 20:31:25.080 [main] SanityTest - Current Page Title: Shop – Page 3 – ATID Demo Store
[INFO ] 2024-03-06 20:31:25.098 [main] SanityTest - Step 4: The '->' element is not found at the last page - GOOD
[INFO ] 2024-03-06 20:31:25.194 [main] SanityTest - Step 6: button 3 is not clickable - GOOD
[INFO ] 2024-03-06 20:35:11.934 [main] SanityTest - Opening the first store page - GOOD
[INFO ] 2024-03-06 20:35:26.694 [main] SanityTest - Opening the first store page - GOOD
[INFO ] 2024-03-06 20:35:45.893 [main] SanityTest - Opening the first store page - GOOD
[INFO ] 2024-03-06 20:37:30.007 [main] SanityTest - Opening the first store page - GOOD
[INFO ] 2024-03-06 20:37:30.123 [main] SanityTest - https://atid.store/store/page/2/
[INFO ] 2024-03-06 20:37:30.145 [main] SanityTest - https://atid.store/store/page/3/
[INFO ] 2024-03-06 20:37:30.162 [main] SanityTest - Step 1: Press '->' to switch to page number 2 - GOOD
[INFO ] 2024-03-06 20:37:30.658 [main] SanityTest - Current Page Title: Shop – Page 2 – ATID Demo Store
[INFO ] 2024-03-06 20:37:30.658 [main] SanityTest - Step 2: Press '<-' to switch to page number 1 - GOOD
[INFO ] 2024-03-06 20:37:31.317 [main] SanityTest - Current Page Title: Shop – ATID Demo Store
[INFO ] 2024-03-06 20:37:31.337 [main] SanityTest - Step 5: The '<-' element is not found at the first page - GOOD
[INFO ] 2024-03-06 20:37:31.338 [main] SanityTest - Step 3: Press '3' to switch to page number 3 - GOOD
[INFO ] 2024-03-06 20:37:31.721 [main] SanityTest - Current Page Title: Shop – Page 3 – ATID Demo Store
[INFO ] 2024-03-06 20:37:31.780 [main] SanityTest - Step 4: The '->' element is not found at the last page - GOOD
[INFO ] 2024-03-06 20:37:31.881 [main] SanityTest - Step 6: button 3 is not clickable - GOOD
[INFO ] 2024-03-06 20:41:50.051 [main] SanityTest - Opening the first store page - GOOD
[INFO ] 2024-03-06 20:41:50.152 [main] SanityTest - https://atid.store/store/page/2/
[INFO ] 2024-03-06 20:41:50.152 [main] SanityTest - Step 1Press '->' to switch to page number 2 - GOOD"
[INFO ] 2024-03-06 20:41:50.172 [main] SanityTest - https://atid.store/store/page/3/
[INFO ] 2024-03-06 20:41:50.173 [main] SanityTest - Step 2Press '->' to switch to page number 3 - GOOD"
[INFO ] 2024-03-06 20:41:50.189 [main] SanityTest - Step 1: Press '->' to switch to page number 2 - GOOD
[INFO ] 2024-03-06 20:41:50.691 [main] SanityTest - Current Page Title: Shop – Page 2 – ATID Demo Store
[INFO ] 2024-03-06 20:41:50.692 [main] SanityTest - Step 2: Press '<-' to switch to page number 1 - GOOD
[INFO ] 2024-03-06 20:41:51.220 [main] SanityTest - Current Page Title: https://atid.store/store/
[INFO ] 2024-03-06 20:41:51.246 [main] SanityTest - Step 5: The '<-' element is not found at the first page - GOOD
[INFO ] 2024-03-06 20:41:51.247 [main] SanityTest - Step 3: Press '3' to switch to page number 3 - GOOD
[INFO ] 2024-03-06 20:41:51.719 [main] SanityTest - Current Page Title: Shop – Page 3 – ATID Demo Store
[INFO ] 2024-03-06 20:41:51.737 [main] SanityTest - Step 4: The '->' element is not found at the last page - GOOD
[INFO ] 2024-03-06 20:41:51.837 [main] SanityTest - Step 6: button 3 is not clickable - GOOD
[INFO ] 2024-03-06 20:52:29.401 [main] SanityTest - Opening the first store page - GOOD
[INFO ] 2024-03-06 20:52:29.502 [main] SanityTest - https://atid.store/store/page/2/
[INFO ] 2024-03-06 20:52:29.502 [main] SanityTest - Step 1 Press '->' to switch to page number 2 - GOOD"
[INFO ] 2024-03-06 20:52:29.525 [main] SanityTest - next
[INFO ] 2024-03-06 20:53:08.165 [main] SanityTest - Opening the first store page - GOOD
[INFO ] 2024-03-06 20:54:38.086 [main] SanityTest - Opening the first store page - GOOD
[INFO ] 2024-03-06 20:54:38.191 [main] SanityTest - https://atid.store/store/page/2/
[INFO ] 2024-03-06 20:54:38.191 [main] SanityTest - Step 0 Press '->' to switch to page number 1 - GOOD"
[INFO ] 2024-03-06 20:54:38.227 [main] SanityTest - next
[INFO ] 2024-03-06 20:54:38.259 [main] SanityTest - https://atid.store/store/page/3/
[INFO ] 2024-03-06 20:54:38.259 [main] SanityTest - Step 1 Press '->' to switch to page number 2 - GOOD"
[INFO ] 2024-03-06 20:54:38.271 [main] SanityTest - next
[INFO ] 2024-03-06 20:54:38.294 [main] SanityTest - Step 1: Press '->' to switch to page number 2 - GOOD
[INFO ] 2024-03-06 20:54:38.736 [main] SanityTest - Step 2: Press '<-' to switch to page number 1 - GOOD
[INFO ] 2024-03-06 20:54:39.181 [main] SanityTest - Current Page Title: https://atid.store/store/
[INFO ] 2024-03-06 20:54:39.240 [main] SanityTest - Step 5: The '<-' element is not found at the first page - GOOD
[INFO ] 2024-03-06 20:54:39.240 [main] SanityTest - Step 3: Press '3' to switch to page number 3 - GOOD
[INFO ] 2024-03-06 20:54:39.773 [main] SanityTest - Current Page Title: Shop – Page 3 – ATID Demo Store
[INFO ] 2024-03-06 20:54:39.793 [main] SanityTest - Step 4: The '->' element is not found at the last page - GOOD
[INFO ] 2024-03-06 20:54:39.889 [main] SanityTest - Step 6: button 3 is not clickable - GOOD
[INFO ] 2024-03-06 20:56:39.529 [main] SanityTest - Opening the first store page - GOOD
[INFO ] 2024-03-06 20:56:39.714 [main] SanityTest - https://atid.store/store/page/2/
[INFO ] 2024-03-06 20:56:39.714 [main] SanityTest - Step 0 Press '->' to switch to page number 1 - GOOD"
[INFO ] 2024-03-06 20:56:39.740 [main] SanityTest - next
[INFO ] 2024-03-06 20:56:39.778 [main] SanityTest - https://atid.store/store/page/3/
[INFO ] 2024-03-06 20:56:39.778 [main] SanityTest - Step 1 Press '->' to switch to page number 2 - GOOD"
[INFO ] 2024-03-06 20:56:39.798 [main] SanityTest - next
[INFO ] 2024-03-06 20:59:17.392 [main] SanityTest - Opening the first store page - GOOD
[INFO ] 2024-03-06 20:59:17.535 [main] SanityTest - https://atid.store/store/page/2/
[INFO ] 2024-03-06 20:59:17.536 [main] SanityTest - Step 2 Press '->' to switch to page number 3 - GOOD"
[INFO ] 2024-03-06 20:59:17.563 [main] SanityTest - next
[INFO ] 2024-03-06 20:59:17.606 [main] SanityTest - https://atid.store/store/page/3/
[INFO ] 2024-03-06 20:59:17.606 [main] SanityTest - Step 3 Press '->' to switch to page number 4 - GOOD"
[INFO ] 2024-03-06 20:59:17.618 [main] SanityTest - next
[INFO ] 2024-03-06 20:59:57.096 [main] SanityTest - Opening the first store page - GOOD
[INFO ] 2024-03-06 20:59:57.238 [main] SanityTest - https://atid.store/store/page/2/
[INFO ] 2024-03-06 20:59:57.239 [main] SanityTest - Step 1 Press '->' to switch to page number 2 - GOOD"
[INFO ] 2024-03-06 20:59:57.256 [main] SanityTest - next
[INFO ] 2024-03-06 20:59:57.281 [main] SanityTest - https://atid.store/store/page/3/
[INFO ] 2024-03-06 20:59:57.282 [main] SanityTest - Step 2 Press '->' to switch to page number 3 - GOOD"
[INFO ] 2024-03-06 20:59:57.294 [main] SanityTest - next
[INFO ] 2024-03-06 21:06:29.233 [main] SanityTest - Opening the first store page - GOOD
[INFO ] 2024-03-06 21:06:29.367 [main] SanityTest - https://atid.store/store/page/2/
[INFO ] 2024-03-06 21:06:29.368 [main] SanityTest - Step 1 Press '->' to switch to page number 2 - GOOD"
[INFO ] 2024-03-06 21:06:29.390 [main] SanityTest - next
[INFO ] 2024-03-06 21:06:29.432 [main] SanityTest - https://atid.store/store/page/3/
[INFO ] 2024-03-06 21:06:29.433 [main] SanityTest - Step 2 Press '->' to switch to page number 3 - GOOD"
[INFO ] 2024-03-06 21:06:29.450 [main] SanityTest - next
[INFO ] 2024-03-06 21:08:42.625 [main] SanityTest - Opening the first store page - GOOD
[INFO ] 2024-03-06 21:08:42.754 [main] SanityTest - https://atid.store/store/page/2/
[INFO ] 2024-03-06 21:08:42.754 [main] SanityTest - Step 1 Press '->' to switch to page number 2 - GOOD"
[INFO ] 2024-03-06 21:08:42.776 [main] SanityTest - next
[INFO ] 2024-03-06 21:08:42.810 [main] SanityTest - https://atid.store/store/page/3/
[INFO ] 2024-03-06 21:08:42.810 [main] SanityTest - Step 2 Press '->' to switch to page number 3 - GOOD"
[INFO ] 2024-03-06 21:08:42.825 [main] SanityTest - next
[INFO ] 2024-03-06 21:08:42.904 [main] SanityTest - https://atid.store/store/page/2/
[INFO ] 2024-03-06 21:08:42.905 [main] SanityTest - Step 3 Press '<-' to switch to page number 2 - GOOD"
[INFO ] 2024-03-06 21:08:42.921 [main] SanityTest - there is no previous page
[INFO ] 2024-03-06 21:10:28.605 [main] SanityTest - Opening the first store page - GOOD
[INFO ] 2024-03-06 21:10:28.658 [main] SanityTest - starting -> test
[INFO ] 2024-03-06 21:10:28.712 [main] SanityTest - https://atid.store/store/page/2/
[INFO ] 2024-03-06 21:10:28.712 [main] SanityTest - Step 1 Press '->' to switch to page number 2 - GOOD"
[INFO ] 2024-03-06 21:10:28.730 [main] SanityTest - next
[INFO ] 2024-03-06 21:10:28.758 [main] SanityTest - https://atid.store/store/page/3/
[INFO ] 2024-03-06 21:10:28.758 [main] SanityTest - Step 2 Press '->' to switch to page number 3 - GOOD"
[INFO ] 2024-03-06 21:10:28.771 [main] SanityTest - next
[INFO ] 2024-03-06 21:10:28.792 [main] SanityTest - starting <- test
[INFO ] 2024-03-06 21:10:28.849 [main] SanityTest - https://atid.store/store/page/2/
[INFO ] 2024-03-06 21:10:28.849 [main] SanityTest - Step 3 Press '<-' to switch to page number 2 - GOOD"
[INFO ] 2024-03-06 21:10:28.868 [main] SanityTest - there is no previous page
[INFO ] 2024-03-11 12:00:27.766 [main] SanityTest - Opening the first store page - GOOD
[INFO ] 2024-03-11 12:00:27.850 [main] SanityTest - starting -> test
[INFO ] 2024-03-11 12:00:27.915 [main] SanityTest - https://atid.store/store/page/2/
[INFO ] 2024-03-11 12:00:27.915 [main] SanityTest - Step 1 Press '->' to switch to page number 2 - GOOD"
[INFO ] 2024-03-11 12:00:27.941 [main] SanityTest - next
[INFO ] 2024-03-11 12:00:27.977 [main] SanityTest - https://atid.store/store/page/3/
[INFO ] 2024-03-11 12:00:27.977 [main] SanityTest - Step 2 Press '->' to switch to page number 3 - GOOD"
[INFO ] 2024-03-11 12:00:27.993 [main] SanityTest - next
[INFO ] 2024-03-11 12:00:28.022 [main] SanityTest - starting <- test
[INFO ] 2024-03-11 12:00:28.089 [main] SanityTest - https://atid.store/store/page/2/
[INFO ] 2024-03-11 12:00:28.090 [main] SanityTest - Step 3 Press '<-' to switch to page number 2 - GOOD"
[INFO ] 2024-03-11 12:00:28.111 [main] SanityTest - there is no previous page
[INFO ] 2024-03-12 11:07:52.093 [main] SanityTest - Opening the first store page - GOOD
[INFO ] 2024-03-12 11:08:28.878 [main] SanityTest - Opening the first store page - GOOD
[INFO ] 2024-03-12 11:08:29.631 [main] SanityTest - Anchor Bracelet – ATID Demo Store
[INFO ] 2024-03-12 11:46:30.264 [main] SanityTest - Opening the first store page - GOOD
[INFO ] 2024-03-12 11:49:06.465 [main] SanityTest - Opening the first store page - GOOD
[INFO ] 2024-03-12 11:49:07.148 [main] SanityTest - Product is out of stock and can be added to cart - BAD
[INFO ] 2024-03-12 11:49:07.626 [main] SanityTest - Product is out of stock and can be added to cart - BAD
[INFO ] 2024-03-12 11:49:08.118 [main] SanityTest - Product is out of stock and can be added to cart - BAD
[INFO ] 2024-03-12 11:50:31.356 [main] SanityTest - Opening the first store page - GOOD
[INFO ] 2024-03-12 11:51:06.033 [main] SanityTest - Opening the first store page - GOOD
[INFO ] 2024-03-12 11:53:04.956 [main] SanityTest - Opening the first store page - GOOD
[INFO ] 2024-03-12 11:53:28.811 [main] SanityTest - Opening the first store page - GOOD
[INFO ] 2024-03-12 11:54:18.241 [main] SanityTest - Opening the first store page - GOOD
[INFO ] 2024-03-12 11:55:14.447 [main] SanityTest - Opening the first store page - GOOD
[INFO ] 2024-03-12 11:55:42.093 [main] SanityTest - Opening the first store page - GOOD
[INFO ] 2024-03-12 11:58:04.577 [main] SanityTest - Opening the first store page - GOOD
[INFO ] 2024-03-12 12:00:33.914 [main] SanityTest - Opening the first store page - GOOD
[INFO ] 2024-03-12 12:07:48.660 [main] SanityTest - Opening the first store page - GOOD
[INFO ] 2024-03-12 12:07:49.464 [main] SanityTest - []
[INFO ] 2024-03-12 12:07:51.597 [main] SanityTest - []
[INFO ] 2024-03-12 12:07:54.294 [main] SanityTest - []
[INFO ] 2024-03-12 12:09:32.335 [main] SanityTest - Opening the first store page - GOOD
[INFO ] 2024-03-12 12:09:33.255 [main] SanityTest - []
[INFO ] 2024-03-12 12:09:35.712 [main] SanityTest - []
[INFO ] 2024-03-12 12:09:37.815 [main] SanityTest - []
[INFO ] 2024-03-12 12:12:09.300 [main] SanityTest - Opening the first store page - GOOD
[INFO ] 2024-03-12 12:12:10.234 [main] SanityTest - Product is out of stock and can be added to cart - BAD
[INFO ] 2024-03-12 12:12:10.235 [main] SanityTest - [[[ChromeDriver: chrome on windows (fa641236a080cdadfd569c653c75c6a6)] -> class name: input-text]]
[INFO ] 2024-03-12 12:12:12.980 [main] SanityTest - Product is out of stock and can be added to cart - BAD
[INFO ] 2024-03-12 12:12:12.981 [main] SanityTest - []
[INFO ] 2024-03-12 12:12:15.358 [main] SanityTest - Product is out of stock and can be added to cart - BAD
[INFO ] 2024-03-12 12:12:15.358 [main] SanityTest - [[[ChromeDriver: chrome on windows (fa641236a080cdadfd569c653c75c6a6)] -> class name: input-text]]
[INFO ] 2024-03-12 12:15:39.791 [main] SanityTest - Opening the first store page - GOOD
[INFO ] 2024-03-12 12:15:40.630 [main] SanityTest - Product is out of stock and can be added to cart - BAD
[INFO ] 2024-03-12 12:15:40.631 [main] SanityTest - [[[ChromeDriver: chrome on windows (82d74da63e1584aa965eaa5972522891)] -> class name: input-text]]
[INFO ] 2024-03-12 12:15:40.631 [main] SanityTest - []
[INFO ] 2024-03-12 12:15:43.019 [main] SanityTest - Product is out of stock and can be added to cart - BAD
[INFO ] 2024-03-12 12:15:43.019 [main] SanityTest - []
[INFO ] 2024-03-12 12:15:43.020 [main] SanityTest - [[[ChromeDriver: chrome on windows (82d74da63e1584aa965eaa5972522891)] -> class name: stock]]
[INFO ] 2024-03-12 12:15:45.560 [main] SanityTest - Product is out of stock and can be added to cart - BAD
[INFO ] 2024-03-12 12:15:45.561 [main] SanityTest - [[[ChromeDriver: chrome on windows (82d74da63e1584aa965eaa5972522891)] -> class name: input-text]]
[INFO ] 2024-03-12 12:15:45.561 [main] SanityTest - []
[INFO ] 2024-03-12 12:18:03.113 [main] SanityTest - Opening the first store page - GOOD
[INFO ] 2024-03-12 12:18:03.954 [main] SanityTest - Product is out of stock and can be added to cart - BAD
[INFO ] 2024-03-12 12:18:03.954 [main] SanityTest - [[[ChromeDriver: chrome on windows (e270854dd7534344b27432c0c2918c9e)] -> class name: input-text]]
[INFO ] 2024-03-12 12:18:03.955 [main] SanityTest - []
[INFO ] 2024-03-12 12:18:06.389 [main] SanityTest - []
[INFO ] 2024-03-12 12:18:06.394 [main] SanityTest - [[[ChromeDriver: chrome on windows (e270854dd7534344b27432c0c2918c9e)] -> class name: stock]]
[INFO ] 2024-03-12 12:18:08.766 [main] SanityTest - Product is out of stock and can be added to cart - BAD
[INFO ] 2024-03-12 12:18:08.766 [main] SanityTest - [[[ChromeDriver: chrome on windows (e270854dd7534344b27432c0c2918c9e)] -> class name: input-text]]
[INFO ] 2024-03-12 12:18:08.766 [main] SanityTest - []
[INFO ] 2024-03-12 12:22:01.939 [main] SanityTest - Opening the first store page - GOOD
[INFO ] 2024-03-12 12:22:02.778 [main] SanityTest - [[[ChromeDriver: chrome on windows (8fc2748319b3af1674e92c99e5ce25a7)] -> class name: input-text]]
[INFO ] 2024-03-12 12:22:02.779 [main] SanityTest - []
[INFO ] 2024-03-12 12:22:05.329 [main] SanityTest - []
[INFO ] 2024-03-12 12:22:05.329 [main] SanityTest - [[[ChromeDriver: chrome on windows (8fc2748319b3af1674e92c99e5ce25a7)] -> class name: stock]]
[INFO ] 2024-03-12 12:22:07.709 [main] SanityTest - [[[ChromeDriver: chrome on windows (8fc2748319b3af1674e92c99e5ce25a7)] -> class name: input-text]]
[INFO ] 2024-03-12 12:22:07.709 [main] SanityTest - []
[INFO ] 2024-03-12 12:23:35.542 [main] SanityTest - Opening the first store page - GOOD
[INFO ] 2024-03-12 12:25:53.436 [main] SanityTest - Opening the first store page - GOOD
[INFO ] 2024-03-12 12:40:54.588 [main] SanityTest - Opening the first store page - GOOD
[INFO ] 2024-03-12 12:40:56.966 [main] SanityTest - amount 33 cant be added - BAD
[INFO ] 2024-03-12 12:43:42.783 [main] SanityTest - Opening the first store page - GOOD
[INFO ] 2024-03-12 12:43:44.549 [main] SanityTest - Amount 92 can't be added - BAD
[INFO ] 2024-03-12 12:45:37.661 [main] SanityTest - Opening the first store page - GOOD
[INFO ] 2024-03-12 12:45:46.388 [main] SanityTest - Amount 98 can't be added - BAD
[INFO ] 2024-03-12 12:48:19.435 [main] SanityTest - Opening the first store page - GOOD
[INFO ] 2024-03-12 12:48:21.211 [main] SanityTest - Amount 8 was added to the cart - GOOD
[INFO ] 2024-03-12 12:48:26.998 [main] SanityTest - Amount 31 can't be added - BAD
[INFO ] 2024-03-12 12:48:26.998 [main] SanityTest - Amount 31 was added to the cart - GOOD
[INFO ] 2024-03-12 12:59:30.126 [main] SanityTest - Opening the first store page - GOOD
[INFO ] 2024-03-12 12:59:31.975 [main] SanityTest - Amount 87 can't be added - BAD
[INFO ] 2024-03-12 12:59:31.975 [main] SanityTest - Amount 87 was added to the cart - GOOD
[INFO ] 2024-03-12 13:00:29.983 [main] SanityTest - Opening the first store page - GOOD
[INFO ] 2024-03-12 13:00:31.809 [main] SanityTest - Amount 9 was added to the cart - GOOD
[INFO ] 2024-03-12 13:02:34.616 [main] SanityTest - Opening the first store page - GOOD
[INFO ] 2024-03-12 13:02:41.479 [main] SanityTest - Amount 34 can't be added - BAD
[INFO ] 2024-03-12 13:02:41.479 [main] SanityTest - Amount 34 was added to the cart - GOOD
[INFO ] 2024-03-12 13:08:11.480 [main] SanityTest - Opening the first store page - GOOD
[INFO ] 2024-03-12 13:08:14.046 [main] SanityTest - Amount 86 can't be added - BAD
[INFO ] 2024-03-12 13:08:14.047 [main] SanityTest - Amount 86 was added to the cart - GOOD
[INFO ] 2024-03-12 13:12:56.156 [main] SanityTest - Opening the first store page - GOOD
[INFO ] 2024-03-12 13:12:58.060 [main] SanityTest - Amount 78 can't be added - BAD
[INFO ] 2024-03-12 13:13:04.064 [main] SanityTest - Amount 45 can't be added - BAD
[INFO ] 2024-03-12 13:17:12.070 [main] SanityTest - Opening the first store page - GOOD
[INFO ] 2024-03-12 13:17:13.921 [main] SanityTest - Amount 5 was added to the cart - GOOD
[INFO ] 2024-03-12 13:19:19.675 [main] SanityTest - Opening the first store page - GOOD
[INFO ] 2024-03-12 13:19:21.566 [main] SanityTest - Amount 3 was added to the cart - GOOD
[INFO ] 2024-03-12 13:20:57.087 [main] SanityTest - Opening the first store page - GOOD
[INFO ] 2024-03-12 13:20:58.949 [main] SanityTest - Amount 7 was added to the cart - GOOD
[INFO ] 2024-03-12 13:20:59.889 [main] SanityTest - ?
[INFO ] 2024-03-12 13:20:59.890 [main] SanityTest - 1,750.00 ?
[INFO ] 2024-03-12 13:21:05.802 [main] SanityTest - Amount 1 was added to the cart - GOOD
[INFO ] 2024-03-12 13:21:06.612 [main] SanityTest - ?
[INFO ] 2024-03-12 13:21:06.612 [main] SanityTest - 1,870.00 ?
[INFO ] 2024-03-12 13:24:24.449 [main] SanityTest - Opening the first store page - GOOD
[INFO ] 2024-03-12 13:24:26.268 [main] SanityTest - Amount 6 was added to the cart - GOOD
[INFO ] 2024-03-12 13:24:27.127 [main] SanityTest - 0.00 ?
[INFO ] 2024-03-12 13:24:27.128 [main] SanityTest - 1,500.00 ?
[INFO ] 2024-03-12 13:24:32.776 [main] SanityTest - Amount 1 was added to the cart - GOOD
[INFO ] 2024-03-12 13:24:33.548 [main] SanityTest - 1,500.00 ?
[INFO ] 2024-03-12 13:24:33.548 [main] SanityTest - 1,620.00 ?
[INFO ] 2024-03-12 13:26:47.735 [main] SanityTest - Opening the first store page - GOOD
[INFO ] 2024-03-12 13:26:49.596 [main] SanityTest - Amount 4 was added to the cart - GOOD
[INFO ] 2024-03-12 13:26:50.543 [main] SanityTest - text in product/anchor-bracelet/0.00 ?
[INFO ] 2024-03-12 13:26:50.543 [main] SanityTest - text in cart 1,000.00 ?
[INFO ] 2024-03-12 13:26:56.403 [main] SanityTest - Amount 9 was added to the cart - GOOD
[INFO ] 2024-03-12 13:26:57.132 [main] SanityTest - text in product/atid-yellow-shoes/1,000.00 ?
[INFO ] 2024-03-12 13:26:57.133 [main] SanityTest - text in cart 2,080.00 ?
[INFO ] 2024-03-12 13:38:25.828 [main] SanityTest - Opening the first store page - GOOD
[INFO ] 2024-03-12 13:38:28.368 [main] SanityTest - Amount 3 was added to the cart - GOOD
[INFO ] 2024-03-12 13:38:29.393 [main] SanityTest - text in product/anchor-bracelet/0.00 ?
[INFO ] 2024-03-12 13:38:35.211 [main] SanityTest - Amount 7 was added to the cart - GOOD
[INFO ] 2024-03-12 13:38:36.008 [main] SanityTest - text in product/atid-yellow-shoes/750.00 ?
[INFO ] 2024-03-12 13:42:33.983 [main] SanityTest - Opening the first store page - GOOD
[INFO ] 2024-03-12 13:42:35.838 [main] SanityTest - Amount 4 was added to the cart - GOOD
[INFO ] 2024-03-12 13:42:36.694 [main] SanityTest - text in product/anchor-bracelet/0.00 ?
[INFO ] 2024-03-12 13:42:42.438 [main] SanityTest - Amount 1 was added to the cart - GOOD
[INFO ] 2024-03-12 13:42:43.126 [main] SanityTest - text in product/atid-yellow-shoes/1,000.00 ?
[INFO ] 2024-03-12 13:43:54.355 [main] SanityTest - Opening the first store page - GOOD
[INFO ] 2024-03-12 13:43:56.397 [main] SanityTest - Amount 11 can't be added - BAD
[INFO ] 2024-03-12 13:44:02.223 [main] SanityTest - Amount 7 was added to the cart - GOOD
[INFO ] 2024-03-12 13:44:03.054 [main] SanityTest - text in product/atid-yellow-shoes/1,100.00 ?
[INFO ] 2024-03-12 13:45:40.372 [main] SanityTest - Opening the first store page - GOOD
[INFO ] 2024-03-12 13:45:42.265 [main] SanityTest - Amount 2 was added to the cart - GOOD
[INFO ] 2024-03-12 13:45:43.128 [main] SanityTest - text in basic-gray-jeans/0.00 ?
[INFO ] 2024-03-12 13:45:49.157 [main] SanityTest - Amount 2 was added to the cart - GOOD
[INFO ] 2024-03-12 13:45:49.888 [main] SanityTest - text in product/atid-yellow-shoes/200.00 ?
[INFO ] 2024-03-12 13:49:01.147 [main] SanityTest - Opening the first store page - GOOD
[INFO ] 2024-03-12 13:49:03.168 [main] SanityTest - Amount 7 was added to the cart - GOOD
[INFO ] 2024-03-12 13:49:03.996 [main] SanityTest - text in blue-denim-jeans/0.00 ?
[INFO ] 2024-03-12 13:49:09.892 [main] SanityTest - Amount 6 was added to the cart - GOOD
[INFO ] 2024-03-12 13:49:10.557 [main] SanityTest - text in product/atid-yellow-shoes/1,050.00 ?
[INFO ] 2024-03-12 13:52:16.148 [main] SanityTest - Opening the first store page - GOOD
[INFO ] 2024-03-12 13:52:17.966 [main] SanityTest - Amount 6 was added to the cart - GOOD
[INFO ] 2024-03-12 13:52:18.813 [main] SanityTest - text in basic-gray-jeans/0.00 ?
[INFO ] 2024-03-12 13:52:24.593 [main] SanityTest - Amount 4 was added to the cart - GOOD
[INFO ] 2024-03-12 13:52:25.245 [main] SanityTest - text in product/atid-yellow-shoes/600.00 ?
[INFO ] 2024-03-12 13:57:30.891 [main] SanityTest - Opening the first store page - GOOD
[INFO ] 2024-03-12 13:59:50.146 [main] SanityTest - Opening the first store page - GOOD
[INFO ] 2024-03-12 13:59:52.133 [main] SanityTest - Amount 2 was added to the cart - GOOD
[INFO ] 2024-03-12 13:59:52.991 [main] SanityTest - text in basic-gray-jeans/0.00 ?
[INFO ] 2024-03-12 13:59:58.822 [main] SanityTest - Amount 3 was added to the cart - GOOD
[INFO ] 2024-03-12 13:59:59.454 [main] SanityTest - text in product/atid-yellow-shoes/200.00 ?
[INFO ] 2024-03-12 14:01:17.149 [main] SanityTest - Opening the first store page - GOOD
[INFO ] 2024-03-12 14:01:18.957 [main] SanityTest - Amount 7 was added to the cart - GOOD
[INFO ] 2024-03-12 14:01:19.786 [main] SanityTest - text in product/basic-gray-jeans/0.00 ?
[INFO ] 2024-03-12 14:01:25.548 [main] SanityTest - Amount 7 was added to the cart - GOOD
[INFO ] 2024-03-12 14:01:26.206 [main] SanityTest - text in product/atid-yellow-shoes/700.00 ?
[INFO ] 2024-03-12 14:02:20.212 [main] SanityTest - Opening the first store page - GOOD
[INFO ] 2024-03-12 14:02:22.167 [main] SanityTest - Amount 4 was added to the cart - GOOD
[INFO ] 2024-03-12 14:02:23.019 [main] SanityTest - text in product/atid-green-shoes/0.00 ?
[INFO ] 2024-03-12 14:02:28.767 [main] SanityTest - Amount 8 was added to the cart - GOOD
[INFO ] 2024-03-12 14:02:29.442 [main] SanityTest - text in product/atid-yellow-shoes/440.00 ?
[INFO ] 2024-03-12 14:05:46.945 [main] SanityTest - Opening the first store page - GOOD
[INFO ] 2024-03-12 14:05:48.650 [main] SanityTest - Amount 7 was added to the cart - GOOD
[INFO ] 2024-03-12 14:05:55.472 [main] SanityTest - Amount 7 was added to the cart - GOOD
[INFO ] 2024-03-12 14:10:12.361 [main] SanityTest - Opening the first store page - GOOD
[INFO ] 2024-03-12 14:12:17.186 [main] SanityTest - Opening the first store page - GOOD
[INFO ] 2024-03-12 14:15:00.427 [main] SanityTest - Opening the first store page - GOOD
[INFO ] 2024-03-12 14:17:06.614 [main] SanityTest - Opening the first store page - GOOD
[INFO ] 2024-03-12 14:22:21.240 [main] SanityTest - Opening the first store page - GOOD
[INFO ] 2024-03-12 14:23:56.794 [main] SanityTest - Opening the first store page - GOOD
[INFO ] 2024-03-12 14:24:15.246 [main] SanityTest - Opening the first store page - GOOD
[INFO ] 2024-03-12 14:31:22.330 [main] SanityTest - Opening the first store page - GOOD
[INFO ] 2024-03-12 14:33:04.399 [main] SanityTest - Opening the first store page - GOOD
[INFO ] 2024-03-12 15:31:01.921 [main] SanityTest - Opening the first store page - GOOD
[INFO ] 2024-03-12 15:31:07.735 [main] SanityTest - Amount 8 was added to the cart - GOOD
[INFO ] 2024-03-12 15:33:16.003 [main] SanityTest - Opening the first store page - GOOD
[INFO ] 2024-03-12 15:33:18.609 [main] SanityTest - Amount 3 was added to the cart - GOOD
[INFO ] 2024-03-12 15:35:44.759 [main] SanityTest - Opening the first store page - GOOD
[INFO ] 2024-03-12 15:35:47.451 [main] SanityTest - Amount 10 was added to the cart - GOOD
[INFO ] 2024-03-12 15:35:49.649 [main] SanityTest - Amount 6 was added to the cart - GOOD
[INFO ] 2024-03-12 15:35:51.854 [main] SanityTest - Amount 1 was added to the cart - GOOD
[INFO ] 2024-03-12 15:37:39.040 [main] SanityTest - Opening the first store page - GOOD
[INFO ] 2024-03-12 15:37:41.333 [main] SanityTest - Amount 7 was added to the cart - GOOD
[INFO ] 2024-03-12 15:37:43.349 [main] SanityTest - Amount 10 was added to the cart - GOOD
[INFO ] 2024-03-12 15:37:45.459 [main] SanityTest - Amount 8 was added to the cart - GOOD
[INFO ] 2024-03-12 15:37:47.580 [main] SanityTest - Amount 2 was added to the cart - GOOD
[INFO ] 2024-03-12 15:37:49.669 [main] SanityTest - Amount 5 was added to the cart - GOOD
[INFO ] 2024-03-12 15:37:51.584 [main] SanityTest - Amount 3 was added to the cart - GOOD
[INFO ] 2024-03-12 15:37:53.722 [main] SanityTest - Amount 10 was added to the cart - GOOD
[INFO ] 2024-03-12 15:39:52.640 [main] SanityTest - Opening the first store page - GOOD
[INFO ] 2024-03-12 15:39:55.092 [main] SanityTest - Amount 5 was added to the cart - GOOD
[INFO ] 2024-03-12 15:39:57.169 [main] SanityTest - Amount 9 was added to the cart - GOOD
[INFO ] 2024-03-12 15:39:59.109 [main] SanityTest - Amount 9 was added to the cart - GOOD
[INFO ] 2024-03-12 15:40:01.021 [main] SanityTest - Amount 1 was added to the cart - GOOD
[INFO ] 2024-03-12 15:40:03.146 [main] SanityTest - Amount 8 was added to the cart - GOOD
[INFO ] 2024-03-12 15:40:05.228 [main] SanityTest - Amount 2 was added to the cart - GOOD
[INFO ] 2024-03-12 15:40:07.289 [main] SanityTest - Amount 8 was added to the cart - GOOD
[INFO ] 2024-03-12 15:40:09.662 [main] SanityTest - Amount 10 was added to the cart - GOOD
[INFO ] 2024-03-12 15:40:11.703 [main] SanityTest - Amount 6 was added to the cart - GOOD
[INFO ] 2024-03-12 15:41:16.358 [main] SanityTest - Opening the first store page - GOOD
[INFO ] 2024-03-12 15:41:18.914 [main] SanityTest - Amount 7 was added to the cart - GOOD
[INFO ] 2024-03-12 15:41:20.956 [main] SanityTest - Amount 1 was added to the cart - GOOD
[INFO ] 2024-03-12 15:41:22.776 [main] SanityTest - Amount 1 was added to the cart - GOOD
[INFO ] 2024-03-12 15:41:24.763 [main] SanityTest - Amount 1 was added to the cart - GOOD
[INFO ] 2024-03-12 15:41:27.463 [main] SanityTest - Amount 7 was added to the cart - GOOD
[INFO ] 2024-03-12 15:41:30.101 [main] SanityTest - Amount 1 was added to the cart - GOOD
[INFO ] 2024-03-12 15:41:32.452 [main] SanityTest - Amount 6 was added to the cart - GOOD
[INFO ] 2024-03-12 15:43:57.941 [main] SanityTest - Opening the first store page - GOOD
[INFO ] 2024-03-12 15:44:00.353 [main] SanityTest - Amount 3 was added to the cart - GOOD
[INFO ] 2024-03-12 15:44:52.880 [main] SanityTest - Opening the first store page - GOOD
[INFO ] 2024-03-12 15:44:55.323 [main] SanityTest - Amount 4 was added to the cart - GOOD
[INFO ] 2024-03-12 15:44:57.471 [main] SanityTest - Amount 5 was added to the cart - GOOD
[INFO ] 2024-03-12 15:48:39.265 [main] SanityTest - Opening the first store page - GOOD
[INFO ] 2024-03-12 15:48:41.596 [main] SanityTest - Product https://atid.store/product/atid-blue-shoes/ was added  2times - GOOD
[INFO ] 2024-03-12 15:48:43.982 [main] SanityTest - Product https://atid.store/product/black-over-the-shoulder-handbag/ was added  4times - GOOD
[INFO ] 2024-03-12 15:48:45.856 [main] SanityTest - Product https://atid.store/product/blue-denim-shorts/ was added  7times - GOOD
[INFO ] 2024-03-12 15:48:47.654 [main] SanityTest - Product https://atid.store/product/anchor-bracelet/ was added  4times - GOOD
[INFO ] 2024-03-12 15:48:49.656 [main] SanityTest - Product https://atid.store/product/dnk-tshirt/ was added  9times - GOOD
[INFO ] 2024-03-12 15:48:51.620 [main] SanityTest - Product https://atid.store/product/atid-yellow-shoes/ was added  4times - GOOD
[INFO ] 2024-03-12 15:51:19.696 [main] SanityTest - Opening the first store page - GOOD
[INFO ] 2024-03-12 15:51:22.230 [main] SanityTest - Product https://atid.store/product/atid-blue-shoes/ was added  1times - GOOD
[INFO ] 2024-03-12 15:51:24.234 [main] SanityTest - Product https://atid.store/product/black-over-the-shoulder-handbag/ was added  3times - GOOD
[INFO ] 2024-03-12 15:51:26.353 [main] SanityTest - Product https://atid.store/product/blue-denim-shorts/ was added  7times - GOOD
[INFO ] 2024-03-12 15:51:28.679 [main] SanityTest - Product https://atid.store/product/anchor-bracelet/ was added  9times - GOOD
[INFO ] 2024-03-12 15:51:30.667 [main] SanityTest - Product https://atid.store/product/dnk-tshirt/ was added  8times - GOOD
[INFO ] 2024-03-12 15:51:32.812 [main] SanityTest - Product https://atid.store/product/atid-yellow-shoes/ was added  3times - GOOD
[INFO ] 2024-03-12 15:53:58.660 [main] SanityTest - Opening the first store page - GOOD
[INFO ] 2024-03-12 15:54:00.989 [main] SanityTest - Product https://atid.store/product/atid-blue-shoes/ was added  3 times - GOOD
[INFO ] 2024-03-12 15:54:03.083 [main] SanityTest - Product https://atid.store/product/black-over-the-shoulder-handbag/ was added  1 times - GOOD
[INFO ] 2024-03-12 15:54:03.790 [main] SanityTest - price in the cart matches product price - GOOD
[INFO ] 2024-03-12 15:54:04.954 [main] SanityTest - Product https://atid.store/product/blue-denim-shorts/ was added  2 times - GOOD
[INFO ] 2024-03-12 15:54:06.881 [main] SanityTest - Product https://atid.store/product/anchor-bracelet/ was added  8 times - GOOD
[INFO ] 2024-03-12 15:54:07.682 [main] SanityTest - price in the cart matches product price - GOOD
[INFO ] 2024-03-12 15:54:08.955 [main] SanityTest - Product https://atid.store/product/dnk-tshirt/ was added  5 times - GOOD
[INFO ] 2024-03-12 15:54:09.644 [main] SanityTest - price in the cart matches product price - GOOD
[INFO ] 2024-03-12 15:56:47.082 [main] SanityTest - Opening the first store page - GOOD
[INFO ] 2024-03-12 15:56:49.994 [main] SanityTest - Product https://atid.store/product/atid-blue-shoes/ was added  9 times - GOOD
[INFO ] 2024-03-12 15:56:54.017 [main] SanityTest - Product https://atid.store/product/black-over-the-shoulder-handbag/ was added  9 times - GOOD
[INFO ] 2024-03-12 15:56:56.738 [main] SanityTest - price in the cart matches product price - GOOD
[INFO ] 2024-03-12 15:56:58.252 [main] SanityTest - Product https://atid.store/product/blue-denim-shorts/ was added  5 times - GOOD
[INFO ] 2024-03-12 15:57:02.948 [main] SanityTest - Product https://atid.store/product/anchor-bracelet/ was added  3 times - GOOD
[INFO ] 2024-03-12 16:01:30.162 [main] SanityTest - Opening the first store page - GOOD
[INFO ] 2024-03-12 16:02:34.015 [main] SanityTest - Opening the first store page - GOOD
[INFO ] 2024-03-12 16:03:42.030 [main] SanityTest - Opening the first store page - GOOD
[INFO ] 2024-03-12 16:03:44.351 [main] SanityTest - Product https://atid.store/product/atid-blue-shoes/ was added  7 times - GOOD
[INFO ] 2024-03-12 16:03:48.443 [main] SanityTest - Product https://atid.store/product/black-over-the-shoulder-handbag/ was added  2 times - GOOD
[INFO ] 2024-03-12 16:03:51.153 [main] SanityTest - price in the cart matches product price - GOOD
[INFO ] 2024-03-12 16:03:52.373 [main] SanityTest - Product https://atid.store/product/blue-denim-shorts/ was added  5 times - GOOD
[INFO ] 2024-03-12 16:12:53.200 [main] SanityTest - Opening the first store page - GOOD
[INFO ] 2024-03-12 16:12:55.706 [main] SanityTest - Product https://atid.store/product/atid-blue-shoes/ was added  10 times - GOOD
[INFO ] 2024-03-12 16:12:59.813 [main] SanityTest - Product https://atid.store/product/black-over-the-shoulder-handbag/ was added  10 times - GOOD
[INFO ] 2024-03-12 16:13:02.572 [main] SanityTest - price in the cart matches product price - GOOD
[INFO ] 2024-03-12 16:13:03.750 [main] SanityTest - Product https://atid.store/product/blue-denim-shorts/ was added  8 times - GOOD
[INFO ] 2024-03-12 16:16:05.220 [main] SanityTest - Opening the first store page - GOOD
[INFO ] 2024-03-12 16:16:08.814 [main] SanityTest - Product https://atid.store/product/atid-blue-shoes/ was added  7 times - GOOD
[INFO ] 2024-03-12 16:16:11.798 [main] SanityTest - price in the cart matches product price - GOOD
[INFO ] 2024-03-12 16:16:13.027 [main] SanityTest - Product https://atid.store/product/black-over-the-shoulder-handbag/ was added  2 times - GOOD
[INFO ] 2024-03-12 16:16:15.765 [main] SanityTest - price in the cart matches product price - GOOD
[INFO ] 2024-03-12 16:16:17.816 [main] SanityTest - Product https://atid.store/product/blue-denim-shorts/ was added  4 times - GOOD
[INFO ] 2024-03-12 16:16:20.617 [main] SanityTest - price in the cart matches product price - GOOD
[INFO ] 2024-03-12 16:16:21.940 [main] SanityTest - Product https://atid.store/product/anchor-bracelet/ was added  1 times - GOOD
[INFO ] 2024-03-12 16:16:24.749 [main] SanityTest - price in the cart matches product price - GOOD
[INFO ] 2024-03-12 16:16:26.013 [main] SanityTest - Product https://atid.store/product/dnk-tshirt/ was added  7 times - GOOD
[INFO ] 2024-03-12 16:16:28.777 [main] SanityTest - price in the cart matches product price - GOOD
[INFO ] 2024-03-12 16:16:30.203 [main] SanityTest - Product https://atid.store/product/atid-yellow-shoes/ was added  3 times - GOOD
[INFO ] 2024-03-12 16:16:32.953 [main] SanityTest - price in the cart matches product price - GOOD
[INFO ] 2024-03-12 16:16:34.165 [main] SanityTest - Product https://atid.store/product/basic-gray-jeans/ was added  3 times - GOOD
[INFO ] 2024-03-12 16:16:36.984 [main] SanityTest - price in the cart matches product price - GOOD
[INFO ] 2024-03-12 16:16:38.574 [main] SanityTest - Product https://atid.store/product/blue-denim-jeans/ was added  2 times - GOOD
[INFO ] 2024-03-12 16:23:02.095 [main] SanityTest - Opening the first store page - GOOD
[INFO ] 2024-03-12 16:23:04.685 [main] SanityTest - Product https://atid.store/product/atid-blue-shoes/ was added  6 times - GOOD
[INFO ] 2024-03-12 16:23:07.570 [main] SanityTest - price in the cart matches product price - GOOD
[INFO ] 2024-03-12 16:23:09.044 [main] SanityTest - Product https://atid.store/product/black-over-the-shoulder-handbag/ was added  2 times - GOOD
[INFO ] 2024-03-12 16:23:11.799 [main] SanityTest - price in the cart matches product price - GOOD
[INFO ] 2024-03-12 16:23:13.228 [main] SanityTest - Product https://atid.store/product/blue-denim-shorts/ was added  1 times - GOOD
[INFO ] 2024-03-12 16:23:15.982 [main] SanityTest - price in the cart matches product price - GOOD
[INFO ] 2024-03-12 16:23:18.656 [main] SanityTest - Product https://atid.store/product/anchor-bracelet/ was added  9 times - GOOD
[INFO ] 2024-03-12 16:23:21.564 [main] SanityTest - price in the cart matches product price - GOOD
[INFO ] 2024-03-12 16:23:22.956 [main] SanityTest - Product https://atid.store/product/dnk-tshirt/ was added  7 times - GOOD
[INFO ] 2024-03-12 16:23:25.704 [main] SanityTest - price in the cart matches product price - GOOD
[INFO ] 2024-03-12 16:23:27.058 [main] SanityTest - Product https://atid.store/product/atid-yellow-shoes/ was added  4 times - GOOD
[INFO ] 2024-03-12 16:23:29.823 [main] SanityTest - price in the cart matches product price - GOOD
[INFO ] 2024-03-12 16:23:31.106 [main] SanityTest - Product https://atid.store/product/basic-gray-jeans/ was added  2 times - GOOD
[INFO ] 2024-03-12 16:23:33.836 [main] SanityTest - price in the cart matches product price - GOOD
[INFO ] 2024-03-12 16:23:35.639 [main] SanityTest - Product https://atid.store/product/blue-denim-jeans/ was added  1 times - GOOD
[INFO ] 2024-03-12 16:23:38.400 [main] SanityTest - price in the cart matches product price - GOOD
[INFO ] 2024-03-12 16:23:39.964 [main] SanityTest - Product https://atid.store/product/atid-black-shoes/ was added  9 times - GOOD
[INFO ] 2024-03-12 16:23:42.700 [main] SanityTest - price in the cart matches product price - GOOD
[INFO ] 2024-03-12 16:23:44.041 [main] SanityTest - Product https://atid.store/product/atid-green-shoes/ was added  8 times - GOOD
[INFO ] 2024-03-12 16:23:46.745 [main] SanityTest - price in the cart matches product price - GOOD
[INFO ] 2024-03-12 16:23:48.148 [main] SanityTest - Product https://atid.store/product/black-hoodie/ was added  6 times - GOOD
[INFO ] 2024-03-12 16:23:50.897 [main] SanityTest - price in the cart matches product price - GOOD
[INFO ] 2024-03-12 16:24:41.602 [main] SanityTest - Opening the first store page - GOOD
[INFO ] 2024-03-12 16:24:44.177 [main] SanityTest - Product https://atid.store/product/atid-blue-shoes/ was added  79 times - BAD
[INFO ] 2024-03-12 16:24:45.364 [main] SanityTest - Product https://atid.store/product/black-over-the-shoulder-handbag/ was added  51 times - BAD
[INFO ] 2024-03-12 16:24:46.617 [main] SanityTest - Product https://atid.store/product/blue-denim-shorts/ was added  92 times - BAD
[INFO ] 2024-03-12 16:24:48.044 [main] SanityTest - Product https://atid.store/product/anchor-bracelet/ was added  36 times - BAD
[INFO ] 2024-03-12 16:24:49.285 [main] SanityTest - Product https://atid.store/product/dnk-tshirt/ was added  87 times - BAD
[INFO ] 2024-03-12 16:24:50.532 [main] SanityTest - Product https://atid.store/product/atid-yellow-shoes/ was added  87 times - BAD
[INFO ] 2024-03-12 16:24:51.669 [main] SanityTest - Product https://atid.store/product/basic-gray-jeans/ was added  39 times - BAD
[INFO ] 2024-03-12 16:24:53.220 [main] SanityTest - Product https://atid.store/product/blue-denim-jeans/ was added  47 times - BAD
[INFO ] 2024-03-12 16:24:54.477 [main] SanityTest - Product https://atid.store/product/atid-black-shoes/ was added  95 times - BAD
[INFO ] 2024-03-12 16:24:55.775 [main] SanityTest - Product https://atid.store/product/atid-green-shoes/ was added  10 times - GOOD
[INFO ] 2024-03-12 16:25:00.344 [main] SanityTest - Product https://atid.store/product/black-hoodie/ was added  52 times - BAD
[INFO ] 2024-03-12 16:25:34.985 [main] SanityTest - Opening the first store page - GOOD
[INFO ] 2024-03-12 16:25:37.530 [main] SanityTest - Product https://atid.store/product/atid-blue-shoes/ was added  11 times - BAD
[INFO ] 2024-03-12 16:25:38.761 [main] SanityTest - Product https://atid.store/product/black-over-the-shoulder-handbag/ was added  10 times - GOOD
[INFO ] 2024-03-12 16:25:43.131 [main] SanityTest - Product https://atid.store/product/blue-denim-shorts/ was added  11 times - BAD
[INFO ] 2024-03-12 16:25:44.345 [main] SanityTest - Product https://atid.store/product/anchor-bracelet/ was added  12 times - BAD
[INFO ] 2024-03-12 16:25:45.630 [main] SanityTest - Product https://atid.store/product/dnk-tshirt/ was added  14 times - BAD
[INFO ] 2024-03-12 16:25:47.172 [main] SanityTest - Product https://atid.store/product/atid-yellow-shoes/ was added  6 times - GOOD
[INFO ] 2024-03-12 16:25:51.354 [main] SanityTest - Product https://atid.store/product/basic-gray-jeans/ was added  3 times - GOOD
[INFO ] 2024-03-12 16:25:55.814 [main] SanityTest - Product https://atid.store/product/blue-denim-jeans/ was added  14 times - BAD
[INFO ] 2024-03-12 16:25:57.152 [main] SanityTest - Product https://atid.store/product/atid-black-shoes/ was added  6 times - GOOD
[INFO ] 2024-03-12 16:26:01.408 [main] SanityTest - Product https://atid.store/product/atid-green-shoes/ was added  13 times - BAD
[INFO ] 2024-03-12 16:26:02.747 [main] SanityTest - Product https://atid.store/product/black-hoodie/ was added  14 times - BAD
[INFO ] 2024-03-12 16:28:25.529 [main] SanityTest - Opening the first store page - GOOD
[INFO ] 2024-03-12 16:28:27.912 [main] SanityTest - Product https://atid.store/product/atid-blue-shoes/ was added  13 times - BAD
[INFO ] 2024-03-12 16:28:30.185 [main] SanityTest - Product https://atid.store/product/black-over-the-shoulder-handbag/ was added  11 times - BAD
[INFO ] 2024-03-12 16:28:32.269 [main] SanityTest - Product https://atid.store/product/blue-denim-shorts/ was added  13 times - BAD
[INFO ] 2024-03-12 16:28:34.097 [main] SanityTest - Product https://atid.store/product/anchor-bracelet/ was added  11 times - BAD
[INFO ] 2024-03-12 16:28:36.029 [main] SanityTest - Product https://atid.store/product/dnk-tshirt/ was added  10 times - GOOD
[INFO ] 2024-03-12 16:28:38.790 [main] SanityTest - price in the cart matches product price - GOOD
[INFO ] 2024-03-12 16:28:40.145 [main] SanityTest - Product https://atid.store/product/atid-yellow-shoes/ was added  12 times - BAD
[INFO ] 2024-03-12 16:28:42.045 [main] SanityTest - Product https://atid.store/product/basic-gray-jeans/ was added  7 times - GOOD
[INFO ] 2024-03-12 16:28:44.685 [main] SanityTest - price in the cart matches product price - GOOD
[INFO ] 2024-03-12 16:28:46.656 [main] SanityTest - Product https://atid.store/product/blue-denim-jeans/ was added  4 times - GOOD
[INFO ] 2024-03-12 16:28:49.330 [main] SanityTest - price in the cart matches product price - GOOD
[INFO ] 2024-03-12 16:28:50.815 [main] SanityTest - Product https://atid.store/product/atid-black-shoes/ was added  12 times - BAD
[INFO ] 2024-03-12 16:28:52.696 [main] SanityTest - Product https://atid.store/product/atid-green-shoes/ was added  5 times - GOOD
[INFO ] 2024-03-12 16:28:55.483 [main] SanityTest - price in the cart matches product price - GOOD
[INFO ] 2024-03-12 16:28:56.697 [main] SanityTest - Product https://atid.store/product/black-hoodie/ was added  13 times - BAD
